<?xml version="1.0" encoding="UTF-8"?>
<testsuite xmlns:xsi="http://www.w3.org/2001/XMLSchema-instance" xsi:noNamespaceSchemaLocation="https://maven.apache.org/surefire/maven-surefire-plugin/xsd/surefire-test-report.xsd" version="3.0.2" name="com.duoc.guia_despacho.GuiaDespachoApplicationTests" time="6.808" tests="1" errors="0" skipped="0" failures="0" flakes="0">
  <properties>
[...]
</properties>
  <testcase name="contextLoads" classname="com.duoc.guia_despacho.GuiaDespachoApplicationTests" time="0.441">
    <system-out><![CDATA[Standard Commons Logging discovery in action with spring-jcl: please remove commons-logging.jar from classpath in order to avoid potential conflicts
19:42:24.165 [main] INFO org.springframework.test.context.support.AnnotationConfigContextLoaderUtils -- Could not detect default configuration classes for test class [com.duoc.guia_despacho.GuiaDespachoApplicationTests]: GuiaDespachoApplicationTests does not declare any static, non-private, non-final, nested classes annotated with @Configuration.
19:42:24.321 [main] INFO org.springframework.boot.test.context.SpringBootTestContextBootstrapper -- Found @SpringBootConfiguration com.duoc.guia_despacho.GuiaDespachoApplication for test class com.duoc.guia_despacho.GuiaDespachoApplicationTests
19:42:24.563 [main] INFO org.springframework.boot.devtools.restart.RestartApplicationListener -- Restart disabled due to context in which it is running

  .   ____          _            __ _ _
 /\\ / ___'_ __ _ _(_)_ __  __ _ \ \ \ \
( ( )\___ | '_ | '_| | '_ \/ _` | \ \ \ \
 \\/  ___)| |_)| | | | | || (_| |  ) ) ) )
  '  |____| .__|_| |_|_| |_\__, | / / / /
 =========|_|==============|___/=/_/_/_/

 :: Spring Boot ::               (v3.5.14)

2026-06-08T19:42:24.908-04:00  INFO 6588 --- [guia-despacho] [           main] c.d.g.GuiaDespachoApplicationTests       : Starting GuiaDespachoApplicationTests using Java 17.0.9 with PID 6588 (started by santi in C:\Users\santi\OneDrive\Documents\Analista Programador\2026\I\Desarrollo_Backend\SpringBoot\guia-despacho)
2026-06-08T19:42:24.910-04:00  INFO 6588 --- [guia-despacho] [           main] c.d.g.GuiaDespachoApplicationTests       : No active profile set, falling back to 1 default profile: "default"
2026-06-08T19:42:25.621-04:00  INFO 6588 --- [guia-despacho] [           main] .s.d.r.c.RepositoryConfigurationDelegate : Bootstrapping Spring Data JPA repositories in DEFAULT mode.
2026-06-08T19:42:25.679-04:00  INFO 6588 --- [guia-despacho] [           main] .s.d.r.c.RepositoryConfigurationDelegate : Finished Spring Data repository scanning in 43 ms. Found 1 JPA repository interface.
2026-06-08T19:42:26.623-04:00  INFO 6588 --- [guia-despacho] [           main] o.hibernate.jpa.internal.util.LogHelper  : HHH000204: Processing PersistenceUnitInfo [name: default]
2026-06-08T19:42:26.727-04:00  INFO 6588 --- [guia-despacho] [           main] org.hibernate.Version                    : HHH000412: Hibernate ORM core version 6.6.49.Final
2026-06-08T19:42:26.817-04:00  INFO 6588 --- [guia-despacho] [           main] o.h.c.internal.RegionFactoryInitiator    : HHH000026: Second-level cache disabled
2026-06-08T19:42:27.259-04:00  INFO 6588 --- [guia-despacho] [           main] o.s.o.j.p.SpringPersistenceUnitInfo      : No LoadTimeWeaver setup: ignoring JPA class transformer
2026-06-08T19:42:27.293-04:00  INFO 6588 --- [guia-despacho] [           main] com.zaxxer.hikari.HikariDataSource       : HikariPool-1 - Starting...
2026-06-08T19:42:27.489-04:00  INFO 6588 --- [guia-despacho] [           main] com.zaxxer.hikari.pool.HikariPool        : HikariPool-1 - Added connection conn0: url=jdbc:h2:mem:guiadespacho user=SA
2026-06-08T19:42:27.491-04:00  INFO 6588 --- [guia-despacho] [           main] com.zaxxer.hikari.HikariDataSource       : HikariPool-1 - Start completed.
2026-06-08T19:42:27.547-04:00  INFO 6588 --- [guia-despacho] [           main] org.hibernate.orm.connections.pooling    : HHH10001005: Database info:
	Database JDBC URL [Connecting through datasource 'HikariDataSource (HikariPool-1)']
	Database driver: undefined/unknown
	Database version: 2.3.232
	Autocommit mode: undefined/unknown
	Isolation level: undefined/unknown
	Minimum pool size: undefined/unknown
	Maximum pool size: undefined/unknown
2026-06-08T19:42:28.363-04:00  INFO 6588 --- [guia-despacho] [           main] o.h.e.t.j.p.i.JtaPlatformInitiator       : HHH000489: No JTA platform available (set 'hibernate.transaction.jta.platform' to enable JTA platform integration)
Hibernate: 
    create table guia_despacho (
        id bigint generated by default as identity,
        descripcion_carga varchar(255),
        destinatario varchar(255),
        direccion_destino varchar(255),
        estado varchar(255),
        fecha date,
        fecha_actualizacion timestamp(6),
        fecha_creacion timestamp(6),
        nombre_archivo varchar(255),
        numero_guia varchar(255),
        ruta_efs varchar(255),
        s3_key varchar(255),
        transportista varchar(255),
        primary key (id)
    )
2026-06-08T19:42:28.421-04:00  INFO 6588 --- [guia-despacho] [           main] j.LocalContainerEntityManagerFactoryBean : Initialized JPA EntityManagerFactory for persistence unit 'default'
2026-06-08T19:42:29.764-04:00  WARN 6588 --- [guia-despacho] [           main] JpaBaseConfiguration$JpaWebConfiguration : spring.jpa.open-in-view is enabled by default. Therefore, database queries may be performed during view rendering. Explicitly configure spring.jpa.open-in-view to disable this warning
2026-06-08T19:42:30.197-04:00  INFO 6588 --- [guia-despacho] [           main] o.s.b.a.h2.H2ConsoleAutoConfiguration    : H2 console available at '/h2-console'. Database available at 'jdbc:h2:mem:guiadespacho'
2026-06-08T19:42:30.287-04:00  INFO 6588 --- [guia-despacho] [           main] c.d.g.GuiaDespachoApplicationTests       : Started GuiaDespachoApplicationTests in 5.741 seconds (process running for 6.893)
]]></system-out>
  </testcase>
</testsuite>